  오유진.cpp
C:\Users\ohyuj\Desktop\오유진\23년 3학년 1학기\컴퓨터그래픽스\과제6\오유진.cpp(8,21): warning C4305: '초기화 중': 'double'에서 'GLfloat'(으)로 잘립니다.
C:\Users\ohyuj\Desktop\오유진\23년 3학년 1학기\컴퓨터그래픽스\과제6\오유진.cpp(19,23): warning C4244: '초기화 중': 'double'에서 'GLfloat'(으)로 변환하면서 데이터가 손실될 수 있습니다.
C:\Users\ohyuj\Desktop\오유진\23년 3학년 1학기\컴퓨터그래픽스\과제6\오유진.cpp(20,26): warning C4244: '=': 'double'에서 'GLfloat'(으)로 변환하면서 데이터가 손실될 수 있습니다.
C:\Users\ohyuj\Desktop\오유진\23년 3학년 1학기\컴퓨터그래픽스\과제6\오유진.cpp(21,25): warning C4244: '=': 'double'에서 'GLfloat'(으)로 변환하면서 데이터가 손실될 수 있습니다.
C:\Users\ohyuj\Desktop\오유진\23년 3학년 1학기\컴퓨터그래픽스\과제6\오유진.cpp(31,23): warning C4244: '초기화 중': 'double'에서 'GLfloat'(으)로 변환하면서 데이터가 손실될 수 있습니다.
C:\Users\ohyuj\Desktop\오유진\23년 3학년 1학기\컴퓨터그래픽스\과제6\오유진.cpp(32,26): warning C4244: '=': 'double'에서 'GLfloat'(으)로 변환하면서 데이터가 손실될 수 있습니다.
C:\Users\ohyuj\Desktop\오유진\23년 3학년 1학기\컴퓨터그래픽스\과제6\오유진.cpp(33,25): warning C4244: '=': 'double'에서 'GLfloat'(으)로 변환하면서 데이터가 손실될 수 있습니다.
C:\Users\ohyuj\Desktop\오유진\23년 3학년 1학기\컴퓨터그래픽스\과제6\오유진.cpp(42,23): warning C4244: '초기화 중': 'double'에서 'GLfloat'(으)로 변환하면서 데이터가 손실될 수 있습니다.
C:\Users\ohyuj\Desktop\오유진\23년 3학년 1학기\컴퓨터그래픽스\과제6\오유진.cpp(43,26): warning C4244: '=': 'double'에서 'GLfloat'(으)로 변환하면서 데이터가 손실될 수 있습니다.
C:\Users\ohyuj\Desktop\오유진\23년 3학년 1학기\컴퓨터그래픽스\과제6\오유진.cpp(44,26): warning C4244: '=': 'double'에서 'GLfloat'(으)로 변환하면서 데이터가 손실될 수 있습니다.
C:\Users\ohyuj\Desktop\오유진\23년 3학년 1학기\컴퓨터그래픽스\과제6\오유진.cpp(53,23): warning C4244: '초기화 중': 'double'에서 'GLfloat'(으)로 변환하면서 데이터가 손실될 수 있습니다.
C:\Users\ohyuj\Desktop\오유진\23년 3학년 1학기\컴퓨터그래픽스\과제6\오유진.cpp(54,26): warning C4244: '=': 'double'에서 'GLfloat'(으)로 변환하면서 데이터가 손실될 수 있습니다.
C:\Users\ohyuj\Desktop\오유진\23년 3학년 1학기\컴퓨터그래픽스\과제6\오유진.cpp(55,26): warning C4244: '=': 'double'에서 'GLfloat'(으)로 변환하면서 데이터가 손실될 수 있습니다.
C:\Users\ohyuj\Desktop\오유진\23년 3학년 1학기\컴퓨터그래픽스\과제6\오유진.cpp(64,23): warning C4244: '초기화 중': 'double'에서 'GLfloat'(으)로 변환하면서 데이터가 손실될 수 있습니다.
C:\Users\ohyuj\Desktop\오유진\23년 3학년 1학기\컴퓨터그래픽스\과제6\오유진.cpp(65,26): warning C4244: '=': 'double'에서 'GLfloat'(으)로 변환하면서 데이터가 손실될 수 있습니다.
C:\Users\ohyuj\Desktop\오유진\23년 3학년 1학기\컴퓨터그래픽스\과제6\오유진.cpp(66,26): warning C4244: '=': 'double'에서 'GLfloat'(으)로 변환하면서 데이터가 손실될 수 있습니다.
C:\Users\ohyuj\Desktop\오유진\23년 3학년 1학기\컴퓨터그래픽스\과제6\오유진.cpp(75,23): warning C4244: '초기화 중': 'double'에서 'GLfloat'(으)로 변환하면서 데이터가 손실될 수 있습니다.
C:\Users\ohyuj\Desktop\오유진\23년 3학년 1학기\컴퓨터그래픽스\과제6\오유진.cpp(76,26): warning C4244: '=': 'double'에서 'GLfloat'(으)로 변환하면서 데이터가 손실될 수 있습니다.
C:\Users\ohyuj\Desktop\오유진\23년 3학년 1학기\컴퓨터그래픽스\과제6\오유진.cpp(77,26): warning C4244: '=': 'double'에서 'GLfloat'(으)로 변환하면서 데이터가 손실될 수 있습니다.
C:\Users\ohyuj\Desktop\오유진\23년 3학년 1학기\컴퓨터그래픽스\과제6\오유진.cpp(86,23): warning C4244: '초기화 중': 'double'에서 'GLfloat'(으)로 변환하면서 데이터가 손실될 수 있습니다.
C:\Users\ohyuj\Desktop\오유진\23년 3학년 1학기\컴퓨터그래픽스\과제6\오유진.cpp(87,26): warning C4244: '=': 'double'에서 'GLfloat'(으)로 변환하면서 데이터가 손실될 수 있습니다.
C:\Users\ohyuj\Desktop\오유진\23년 3학년 1학기\컴퓨터그래픽스\과제6\오유진.cpp(88,26): warning C4244: '=': 'double'에서 'GLfloat'(으)로 변환하면서 데이터가 손실될 수 있습니다.
C:\Users\ohyuj\Desktop\오유진\23년 3학년 1학기\컴퓨터그래픽스\과제6\오유진.cpp(97,23): warning C4244: '초기화 중': 'double'에서 'GLfloat'(으)로 변환하면서 데이터가 손실될 수 있습니다.
C:\Users\ohyuj\Desktop\오유진\23년 3학년 1학기\컴퓨터그래픽스\과제6\오유진.cpp(98,26): warning C4244: '=': 'double'에서 'GLfloat'(으)로 변환하면서 데이터가 손실될 수 있습니다.
C:\Users\ohyuj\Desktop\오유진\23년 3학년 1학기\컴퓨터그래픽스\과제6\오유진.cpp(99,26): warning C4244: '=': 'double'에서 'GLfloat'(으)로 변환하면서 데이터가 손실될 수 있습니다.
C:\Users\ohyuj\Desktop\오유진\23년 3학년 1학기\컴퓨터그래픽스\과제6\오유진.cpp(111,23): warning C4244: '=': 'double'에서 'GLfloat'(으)로 변환하면서 데이터가 손실될 수 있습니다.
C:\Users\ohyuj\Desktop\오유진\23년 3학년 1학기\컴퓨터그래픽스\과제6\오유진.cpp(117,23): warning C4244: '=': 'double'에서 'GLfloat'(으)로 변환하면서 데이터가 손실될 수 있습니다.
  과제6.vcxproj -> C:\Users\ohyuj\Desktop\오유진\23년 3학년 1학기\컴퓨터그래픽스\과제6\x64\Debug\과제6.exe
